[2019-12-02 20:21:52,161] INFO [ControllerEventThread controllerId=0] Starting (kafka.controller.ControllerEventManager$ControllerEventThread)
[2019-12-02 20:21:52,174] INFO [Controller id=0] 0 successfully elected as the controller (kafka.controller.KafkaController)
[2019-12-02 20:21:52,174] INFO [Controller id=0] Reading controller epoch from ZooKeeper (kafka.controller.KafkaController)
[2019-12-02 20:21:52,179] INFO [Controller id=0] Initialized controller epoch to 4 and zk version 3 (kafka.controller.KafkaController)
[2019-12-02 20:21:52,179] INFO [Controller id=0] Incrementing controller epoch in ZooKeeper (kafka.controller.KafkaController)
[2019-12-02 20:21:52,187] INFO [Controller id=0] Epoch incremented to 5 (kafka.controller.KafkaController)
[2019-12-02 20:21:52,188] INFO [Controller id=0] Registering handlers (kafka.controller.KafkaController)
[2019-12-02 20:21:52,191] INFO [Controller id=0] Deleting log dir event notifications (kafka.controller.KafkaController)
[2019-12-02 20:21:52,193] INFO [Controller id=0] Deleting isr change notifications (kafka.controller.KafkaController)
[2019-12-02 20:21:52,195] INFO [Controller id=0] Initializing controller context (kafka.controller.KafkaController)
[2019-12-02 20:21:52,217] DEBUG [Controller id=0] Register BrokerModifications handler for Set(0) (kafka.controller.KafkaController)
[2019-12-02 20:21:52,226] DEBUG [Channel manager on controller 0]: Controller 0 trying to connect to broker 0 (kafka.controller.ControllerChannelManager)
[2019-12-02 20:21:52,239] INFO [RequestSendThread controllerId=0] Starting (kafka.controller.RequestSendThread)
[2019-12-02 20:21:52,240] INFO [Controller id=0] Partitions being reassigned: Map() (kafka.controller.KafkaController)
[2019-12-02 20:21:52,241] INFO [Controller id=0] Currently active brokers in the cluster: Set(0) (kafka.controller.KafkaController)
[2019-12-02 20:21:52,241] INFO [Controller id=0] Currently shutting brokers in the cluster: Set() (kafka.controller.KafkaController)
[2019-12-02 20:21:52,242] INFO [Controller id=0] Current list of topics in the cluster: Set(response_topic, tweets, users) (kafka.controller.KafkaController)
[2019-12-02 20:21:52,243] INFO [Controller id=0] Fetching topic deletions in progress (kafka.controller.KafkaController)
[2019-12-02 20:21:52,246] INFO [Controller id=0] List of topics to be deleted:  (kafka.controller.KafkaController)
[2019-12-02 20:21:52,247] INFO [Controller id=0] List of topics ineligible for deletion:  (kafka.controller.KafkaController)
[2019-12-02 20:21:52,247] INFO [Controller id=0] Initializing topic deletion manager (kafka.controller.KafkaController)
[2019-12-02 20:21:52,248] INFO [Controller id=0] Sending update metadata request (kafka.controller.KafkaController)
[2019-12-02 20:21:52,257] INFO [ReplicaStateMachine controllerId=0] Initializing replica state (kafka.controller.ReplicaStateMachine)
[2019-12-02 20:21:52,263] INFO [ReplicaStateMachine controllerId=0] Triggering online replica state changes (kafka.controller.ReplicaStateMachine)
[2019-12-02 20:21:52,268] INFO [RequestSendThread controllerId=0] Controller 0 connected to 10.250.210.108:9092 (id: 0 rack: null) for sending state change requests (kafka.controller.RequestSendThread)
[2019-12-02 20:21:52,296] INFO [ReplicaStateMachine controllerId=0] Started replica state machine with initial state -> Map([Topic=tweets,Partition=0,Replica=0] -> OnlineReplica, [Topic=users,Partition=0,Replica=0] -> OnlineReplica, [Topic=response_topic,Partition=0,Replica=0] -> OnlineReplica) (kafka.controller.ReplicaStateMachine)
[2019-12-02 20:21:52,297] INFO [PartitionStateMachine controllerId=0] Initializing partition state (kafka.controller.PartitionStateMachine)
[2019-12-02 20:21:52,300] INFO [PartitionStateMachine controllerId=0] Triggering online partition state changes (kafka.controller.PartitionStateMachine)
[2019-12-02 20:21:52,301] INFO [PartitionStateMachine controllerId=0] Started partition state machine with initial state -> Map(users-0 -> OnlinePartition, response_topic-0 -> OnlinePartition, tweets-0 -> OnlinePartition) (kafka.controller.PartitionStateMachine)
[2019-12-02 20:21:52,301] INFO [Controller id=0] Ready to serve as the new controller with epoch 5 (kafka.controller.KafkaController)
[2019-12-02 20:21:52,304] INFO [Controller id=0] Partitions undergoing preferred replica election:  (kafka.controller.KafkaController)
[2019-12-02 20:21:52,304] INFO [Controller id=0] Partitions that completed preferred replica election:  (kafka.controller.KafkaController)
[2019-12-02 20:21:52,304] INFO [Controller id=0] Skipping preferred replica election for partitions due to topic deletion:  (kafka.controller.KafkaController)
[2019-12-02 20:21:52,305] INFO [Controller id=0] Resuming preferred replica election for partitions:  (kafka.controller.KafkaController)
[2019-12-02 20:21:52,305] INFO [Controller id=0] Starting preferred replica leader election for partitions  (kafka.controller.KafkaController)
[2019-12-02 20:21:52,321] INFO [Controller id=0] Starting the controller scheduler (kafka.controller.KafkaController)
[2019-12-02 20:21:57,324] TRACE [Controller id=0] Checking need to trigger auto leader balancing (kafka.controller.KafkaController)
[2019-12-02 20:21:57,325] DEBUG [Controller id=0] Preferred replicas by broker Map(0 -> Map(users-0 -> Vector(0), response_topic-0 -> Vector(0), tweets-0 -> Vector(0))) (kafka.controller.KafkaController)
[2019-12-02 20:21:57,326] DEBUG [Controller id=0] Topics not in preferred replica for broker 0 Map() (kafka.controller.KafkaController)
[2019-12-02 20:21:57,326] TRACE [Controller id=0] Leader imbalance ratio for broker 0 is 0.0 (kafka.controller.KafkaController)
