[2019-12-02 20:21:40,405] INFO Registered kafka:type=kafka.Log4jController MBean (kafka.utils.Log4jControllerRegistration$)
[2019-12-02 20:21:40,701] INFO starting (kafka.server.KafkaServer)
[2019-12-02 20:21:40,702] INFO Connecting to zookeeper on localhost:2181 (kafka.server.KafkaServer)
[2019-12-02 20:21:40,714] INFO [ZooKeeperClient] Initializing a new session to localhost:2181. (kafka.zookeeper.ZooKeeperClient)
[2019-12-02 20:21:45,722] INFO Client environment:zookeeper.version=3.4.10-39d3a4f269333c922ed3db283be479f9deacaa0f, built on 03/23/2017 10:13 GMT (org.apache.zookeeper.ZooKeeper)
[2019-12-02 20:21:45,783] INFO Client environment:host.name=10.250.210.108 (org.apache.zookeeper.ZooKeeper)
[2019-12-02 20:21:45,784] INFO Client environment:java.version=1.8.0_221 (org.apache.zookeeper.ZooKeeper)
[2019-12-02 20:21:45,784] INFO Client environment:java.vendor=Oracle Corporation (org.apache.zookeeper.ZooKeeper)
[2019-12-02 20:21:45,784] INFO Client environment:java.home=/Library/Java/JavaVirtualMachines/jdk1.8.0_221.jdk/Contents/Home/jre (org.apache.zookeeper.ZooKeeper)
[2019-12-02 20:21:45,785] INFO Client environment:java.class.path=/Users/sruthiduvvuri/Documents/GitHub/CMPE-273-Twitter-Application-Simulation/kafka_2.11-1.1.0/bin/../libs/aopalliance-repackaged-2.5.0-b32.jar:/Users/sruthiduvvuri/Documents/GitHub/CMPE-273-Twitter-Application-Simulation/kafka_2.11-1.1.0/bin/../libs/argparse4j-0.7.0.jar:/Users/sruthiduvvuri/Documents/GitHub/CMPE-273-Twitter-Application-Simulation/kafka_2.11-1.1.0/bin/../libs/commons-lang3-3.5.jar:/Users/sruthiduvvuri/Documents/GitHub/CMPE-273-Twitter-Application-Simulation/kafka_2.11-1.1.0/bin/../libs/connect-api-1.1.0.jar:/Users/sruthiduvvuri/Documents/GitHub/CMPE-273-Twitter-Application-Simulation/kafka_2.11-1.1.0/bin/../libs/connect-file-1.1.0.jar:/Users/sruthiduvvuri/Documents/GitHub/CMPE-273-Twitter-Application-Simulation/kafka_2.11-1.1.0/bin/../libs/connect-json-1.1.0.jar:/Users/sruthiduvvuri/Documents/GitHub/CMPE-273-Twitter-Application-Simulation/kafka_2.11-1.1.0/bin/../libs/connect-runtime-1.1.0.jar:/Users/sruthiduvvuri/Documents/GitHub/CMPE-273-Twitter-Application-Simulation/kafka_2.11-1.1.0/bin/../libs/connect-transforms-1.1.0.jar:/Users/sruthiduvvuri/Documents/GitHub/CMPE-273-Twitter-Application-Simulation/kafka_2.11-1.1.0/bin/../libs/guava-20.0.jar:/Users/sruthiduvvuri/Documents/GitHub/CMPE-273-Twitter-Application-Simulation/kafka_2.11-1.1.0/bin/../libs/hk2-api-2.5.0-b32.jar:/Users/sruthiduvvuri/Documents/GitHub/CMPE-273-Twitter-Application-Simulation/kafka_2.11-1.1.0/bin/../libs/hk2-locator-2.5.0-b32.jar:/Users/sruthiduvvuri/Documents/GitHub/CMPE-273-Twitter-Application-Simulation/kafka_2.11-1.1.0/bin/../libs/hk2-utils-2.5.0-b32.jar:/Users/sruthiduvvuri/Documents/GitHub/CMPE-273-Twitter-Application-Simulation/kafka_2.11-1.1.0/bin/../libs/jackson-annotations-2.9.4.jar:/Users/sruthiduvvuri/Documents/GitHub/CMPE-273-Twitter-Application-Simulation/kafka_2.11-1.1.0/bin/../libs/jackson-core-2.9.4.jar:/Users/sruthiduvvuri/Documents/GitHub/CMPE-273-Twitter-Application-Simulation/kafka_2.11-1.1.0/bin/../libs/jackson-databind-2.9.4.jar:/Users/sruthiduvvuri/Documents/GitHub/CMPE-273-Twitter-Application-Simulation/kafka_2.11-1.1.0/bin/../libs/jackson-jaxrs-base-2.9.4.jar:/Users/sruthiduvvuri/Documents/GitHub/CMPE-273-Twitter-Application-Simulation/kafka_2.11-1.1.0/bin/../libs/jackson-jaxrs-json-provider-2.9.4.jar:/Users/sruthiduvvuri/Documents/GitHub/CMPE-273-Twitter-Application-Simulation/kafka_2.11-1.1.0/bin/../libs/jackson-module-jaxb-annotations-2.9.4.jar:/Users/sruthiduvvuri/Documents/GitHub/CMPE-273-Twitter-Application-Simulation/kafka_2.11-1.1.0/bin/../libs/javassist-3.20.0-GA.jar:/Users/sruthiduvvuri/Documents/GitHub/CMPE-273-Twitter-Application-Simulation/kafka_2.11-1.1.0/bin/../libs/javassist-3.21.0-GA.jar:/Users/sruthiduvvuri/Documents/GitHub/CMPE-273-Twitter-Application-Simulation/kafka_2.11-1.1.0/bin/../libs/javax.annotation-api-1.2.jar:/Users/sruthiduvvuri/Documents/GitHub/CMPE-273-Twitter-Application-Simulation/kafka_2.11-1.1.0/bin/../libs/javax.inject-1.jar:/Users/sruthiduvvuri/Documents/GitHub/CMPE-273-Twitter-Application-Simulation/kafka_2.11-1.1.0/bin/../libs/javax.inject-2.5.0-b32.jar:/Users/sruthiduvvuri/Documents/GitHub/CMPE-273-Twitter-Application-Simulation/kafka_2.11-1.1.0/bin/../libs/javax.servlet-api-3.1.0.jar:/Users/sruthiduvvuri/Documents/GitHub/CMPE-273-Twitter-Application-Simulation/kafka_2.11-1.1.0/bin/../libs/javax.ws.rs-api-2.0.1.jar:/Users/sruthiduvvuri/Documents/GitHub/CMPE-273-Twitter-Application-Simulation/kafka_2.11-1.1.0/bin/../libs/jersey-client-2.25.1.jar:/Users/sruthiduvvuri/Documents/GitHub/CMPE-273-Twitter-Application-Simulation/kafka_2.11-1.1.0/bin/../libs/jersey-common-2.25.1.jar:/Users/sruthiduvvuri/Documents/GitHub/CMPE-273-Twitter-Application-Simulation/kafka_2.11-1.1.0/bin/../libs/jersey-container-servlet-2.25.1.jar:/Users/sruthiduvvuri/Documents/GitHub/CMPE-273-Twitter-Application-Simulation/kafka_2.11-1.1.0/bin/../libs/jersey-container-servlet-core-2.25.1.jar:/Users/sruthiduvvuri/Documents/GitHub/CMPE-273-Twitter-Application-Simulation/kafka_2.11-1.1.0/bin/../libs/jersey-guava-2.25.1.jar:/Users/sruthiduvvuri/Documents/GitHub/CMPE-273-Twitter-Application-Simulation/kafka_2.11-1.1.0/bin/../libs/jersey-media-jaxb-2.25.1.jar:/Users/sruthiduvvuri/Documents/GitHub/CMPE-273-Twitter-Application-Simulation/kafka_2.11-1.1.0/bin/../libs/jersey-server-2.25.1.jar:/Users/sruthiduvvuri/Documents/GitHub/CMPE-273-Twitter-Application-Simulation/kafka_2.11-1.1.0/bin/../libs/jetty-client-9.2.24.v20180105.jar:/Users/sruthiduvvuri/Documents/GitHub/CMPE-273-Twitter-Application-Simulation/kafka_2.11-1.1.0/bin/../libs/jetty-continuation-9.2.24.v20180105.jar:/Users/sruthiduvvuri/Documents/GitHub/CMPE-273-Twitter-Application-Simulation/kafka_2.11-1.1.0/bin/../libs/jetty-http-9.2.24.v20180105.jar:/Users/sruthiduvvuri/Documents/GitHub/CMPE-273-Twitter-Application-Simulation/kafka_2.11-1.1.0/bin/../libs/jetty-io-9.2.24.v20180105.jar:/Users/sruthiduvvuri/Documents/GitHub/CMPE-273-Twitter-Application-Simulation/kafka_2.11-1.1.0/bin/../libs/jetty-security-9.2.24.v20180105.jar:/Users/sruthiduvvuri/Documents/GitHub/CMPE-273-Twitter-Application-Simulation/kafka_2.11-1.1.0/bin/../libs/jetty-server-9.2.24.v20180105.jar:/Users/sruthiduvvuri/Documents/GitHub/CMPE-273-Twitter-Application-Simulation/kafka_2.11-1.1.0/bin/../libs/jetty-servlet-9.2.24.v20180105.jar:/Users/sruthiduvvuri/Documents/GitHub/CMPE-273-Twitter-Application-Simulation/kafka_2.11-1.1.0/bin/../libs/jetty-servlets-9.2.24.v20180105.jar:/Users/sruthiduvvuri/Documents/GitHub/CMPE-273-Twitter-Application-Simulation/kafka_2.11-1.1.0/bin/../libs/jetty-util-9.2.24.v20180105.jar:/Users/sruthiduvvuri/Documents/GitHub/CMPE-273-Twitter-Application-Simulation/kafka_2.11-1.1.0/bin/../libs/jopt-simple-5.0.4.jar:/Users/sruthiduvvuri/Documents/GitHub/CMPE-273-Twitter-Application-Simulation/kafka_2.11-1.1.0/bin/../libs/kafka-clients-1.1.0.jar:/Users/sruthiduvvuri/Documents/GitHub/CMPE-273-Twitter-Application-Simulation/kafka_2.11-1.1.0/bin/../libs/kafka-log4j-appender-1.1.0.jar:/Users/sruthiduvvuri/Documents/GitHub/CMPE-273-Twitter-Application-Simulation/kafka_2.11-1.1.0/bin/../libs/kafka-streams-1.1.0.jar:/Users/sruthiduvvuri/Documents/GitHub/CMPE-273-Twitter-Application-Simulation/kafka_2.11-1.1.0/bin/../libs/kafka-streams-examples-1.1.0.jar:/Users/sruthiduvvuri/Documents/GitHub/CMPE-273-Twitter-Application-Simulation/kafka_2.11-1.1.0/bin/../libs/kafka-streams-test-utils-1.1.0.jar:/Users/sruthiduvvuri/Documents/GitHub/CMPE-273-Twitter-Application-Simulation/kafka_2.11-1.1.0/bin/../libs/kafka-tools-1.1.0.jar:/Users/sruthiduvvuri/Documents/GitHub/CMPE-273-Twitter-Application-Simulation/kafka_2.11-1.1.0/bin/../libs/kafka_2.11-1.1.0-sources.jar:/Users/sruthiduvvuri/Documents/GitHub/CMPE-273-Twitter-Application-Simulation/kafka_2.11-1.1.0/bin/../libs/kafka_2.11-1.1.0-test-sources.jar:/Users/sruthiduvvuri/Documents/GitHub/CMPE-273-Twitter-Application-Simulation/kafka_2.11-1.1.0/bin/../libs/kafka_2.11-1.1.0.jar:/Users/sruthiduvvuri/Documents/GitHub/CMPE-273-Twitter-Application-Simulation/kafka_2.11-1.1.0/bin/../libs/log4j-1.2.17.jar:/Users/sruthiduvvuri/Documents/GitHub/CMPE-273-Twitter-Application-Simulation/kafka_2.11-1.1.0/bin/../libs/lz4-java-1.4.jar:/Users/sruthiduvvuri/Documents/GitHub/CMPE-273-Twitter-Application-Simulation/kafka_2.11-1.1.0/bin/../libs/maven-artifact-3.5.2.jar:/Users/sruthiduvvuri/Documents/GitHub/CMPE-273-Twitter-Application-Simulation/kafka_2.11-1.1.0/bin/../libs/metrics-core-2.2.0.jar:/Users/sruthiduvvuri/Documents/GitHub/CMPE-273-Twitter-Application-Simulation/kafka_2.11-1.1.0/bin/../libs/osgi-resource-locator-1.0.1.jar:/Users/sruthiduvvuri/Documents/GitHub/CMPE-273-Twitter-Application-Simulation/kafka_2.11-1.1.0/bin/../libs/plexus-utils-3.1.0.jar:/Users/sruthiduvvuri/Documents/GitHub/CMPE-273-Twitter-Application-Simulation/kafka_2.11-1.1.0/bin/../libs/reflections-0.9.11.jar:/Users/sruthiduvvuri/Documents/GitHub/CMPE-273-Twitter-Application-Simulation/kafka_2.11-1.1.0/bin/../libs/rocksdbjni-5.7.3.jar:/Users/sruthiduvvuri/Documents/GitHub/CMPE-273-Twitter-Application-Simulation/kafka_2.11-1.1.0/bin/../libs/scala-library-2.11.12.jar:/Users/sruthiduvvuri/Documents/GitHub/CMPE-273-Twitter-Application-Simulation/kafka_2.11-1.1.0/bin/../libs/scala-logging_2.11-3.7.2.jar:/Users/sruthiduvvuri/Documents/GitHub/CMPE-273-Twitter-Application-Simulation/kafka_2.11-1.1.0/bin/../libs/scala-reflect-2.11.12.jar:/Users/sruthiduvvuri/Documents/GitHub/CMPE-273-Twitter-Application-Simulation/kafka_2.11-1.1.0/bin/../libs/slf4j-api-1.7.25.jar:/Users/sruthiduvvuri/Documents/GitHub/CMPE-273-Twitter-Application-Simulation/kafka_2.11-1.1.0/bin/../libs/slf4j-log4j12-1.7.25.jar:/Users/sruthiduvvuri/Documents/GitHub/CMPE-273-Twitter-Application-Simulation/kafka_2.11-1.1.0/bin/../libs/snappy-java-1.1.7.1.jar:/Users/sruthiduvvuri/Documents/GitHub/CMPE-273-Twitter-Application-Simulation/kafka_2.11-1.1.0/bin/../libs/validation-api-1.1.0.Final.jar:/Users/sruthiduvvuri/Documents/GitHub/CMPE-273-Twitter-Application-Simulation/kafka_2.11-1.1.0/bin/../libs/zkclient-0.10.jar:/Users/sruthiduvvuri/Documents/GitHub/CMPE-273-Twitter-Application-Simulation/kafka_2.11-1.1.0/bin/../libs/zookeeper-3.4.10.jar (org.apache.zookeeper.ZooKeeper)
[2019-12-02 20:21:45,786] INFO Client environment:java.library.path=/Users/sruthiduvvuri/Library/Java/Extensions:/Library/Java/Extensions:/Network/Library/Java/Extensions:/System/Library/Java/Extensions:/usr/lib/java:. (org.apache.zookeeper.ZooKeeper)
[2019-12-02 20:21:45,786] INFO Client environment:java.io.tmpdir=/var/folders/sf/zj_g5h8x7rqfrz_cn0qy6pnc0000gn/T/ (org.apache.zookeeper.ZooKeeper)
[2019-12-02 20:21:45,787] INFO Client environment:java.compiler=<NA> (org.apache.zookeeper.ZooKeeper)
[2019-12-02 20:21:45,787] INFO Client environment:os.name=Mac OS X (org.apache.zookeeper.ZooKeeper)
[2019-12-02 20:21:45,787] INFO Client environment:os.arch=x86_64 (org.apache.zookeeper.ZooKeeper)
[2019-12-02 20:21:45,787] INFO Client environment:os.version=10.14.6 (org.apache.zookeeper.ZooKeeper)
[2019-12-02 20:21:45,787] INFO Client environment:user.name=sruthiduvvuri (org.apache.zookeeper.ZooKeeper)
[2019-12-02 20:21:45,787] INFO Client environment:user.home=/Users/sruthiduvvuri (org.apache.zookeeper.ZooKeeper)
[2019-12-02 20:21:45,787] INFO Client environment:user.dir=/Users/sruthiduvvuri/Documents/GitHub/CMPE-273-Twitter-Application-Simulation/kafka_2.11-1.1.0 (org.apache.zookeeper.ZooKeeper)
[2019-12-02 20:21:45,790] INFO Initiating client connection, connectString=localhost:2181 sessionTimeout=6000 watcher=kafka.zookeeper.ZooKeeperClient$ZooKeeperClientWatcher$@222545dc (org.apache.zookeeper.ZooKeeper)
[2019-12-02 20:21:45,812] INFO [ZooKeeperClient] Waiting until connected. (kafka.zookeeper.ZooKeeperClient)
[2019-12-02 20:21:45,816] INFO Opening socket connection to server localhost/0:0:0:0:0:0:0:1:2181. Will not attempt to authenticate using SASL (unknown error) (org.apache.zookeeper.ClientCnxn)
[2019-12-02 20:21:45,845] INFO Socket connection established to localhost/0:0:0:0:0:0:0:1:2181, initiating session (org.apache.zookeeper.ClientCnxn)
[2019-12-02 20:21:45,861] INFO Session establishment complete on server localhost/0:0:0:0:0:0:0:1:2181, sessionid = 0x16ec958731d000b, negotiated timeout = 6000 (org.apache.zookeeper.ClientCnxn)
[2019-12-02 20:21:45,865] INFO [ZooKeeperClient] Connected. (kafka.zookeeper.ZooKeeperClient)
[2019-12-02 20:21:46,423] INFO Cluster ID = pREw4XuZTjiyqSlE49t1dA (kafka.server.KafkaServer)
[2019-12-02 20:21:46,438] WARN No meta.properties file under dir /Users/sruthiduvvuri/Documents/GitHub/CMPE-273-Twitter-Application-Simulation/kafka_2.11-1.1.0/F:Kafkakafka_2.11-1.1.0kafka-logs/meta.properties (kafka.server.BrokerMetadataCheckpoint)
[2019-12-02 20:21:46,506] INFO KafkaConfig values: 
	advertised.host.name = null
	advertised.listeners = null
	advertised.port = null
	alter.config.policy.class.name = null
	alter.log.dirs.replication.quota.window.num = 11
	alter.log.dirs.replication.quota.window.size.seconds = 1
	authorizer.class.name = 
	auto.create.topics.enable = true
	auto.leader.rebalance.enable = true
	background.threads = 10
	broker.id = 0
	broker.id.generation.enable = true
	broker.rack = null
	compression.type = producer
	connections.max.idle.ms = 600000
	controlled.shutdown.enable = true
	controlled.shutdown.max.retries = 3
	controlled.shutdown.retry.backoff.ms = 5000
	controller.socket.timeout.ms = 30000
	create.topic.policy.class.name = null
	default.replication.factor = 1
	delegation.token.expiry.check.interval.ms = 3600000
	delegation.token.expiry.time.ms = 86400000
	delegation.token.master.key = null
	delegation.token.max.lifetime.ms = 604800000
	delete.records.purgatory.purge.interval.requests = 1
	delete.topic.enable = true
	fetch.purgatory.purge.interval.requests = 1000
	group.initial.rebalance.delay.ms = 0
	group.max.session.timeout.ms = 300000
	group.min.session.timeout.ms = 6000
	host.name = 
	inter.broker.listener.name = null
	inter.broker.protocol.version = 1.1-IV0
	leader.imbalance.check.interval.seconds = 300
	leader.imbalance.per.broker.percentage = 10
	listener.security.protocol.map = PLAINTEXT:PLAINTEXT,SSL:SSL,SASL_PLAINTEXT:SASL_PLAINTEXT,SASL_SSL:SASL_SSL
	listeners = null
	log.cleaner.backoff.ms = 15000
	log.cleaner.dedupe.buffer.size = 134217728
	log.cleaner.delete.retention.ms = 86400000
	log.cleaner.enable = true
	log.cleaner.io.buffer.load.factor = 0.9
	log.cleaner.io.buffer.size = 524288
	log.cleaner.io.max.bytes.per.second = 1.7976931348623157E308
	log.cleaner.min.cleanable.ratio = 0.5
	log.cleaner.min.compaction.lag.ms = 0
	log.cleaner.threads = 1
	log.cleanup.policy = [delete]
	log.dir = /tmp/kafka-logs
	log.dirs = F:Kafkakafka_2.11-1.1.0kafka-logs
	log.flush.interval.messages = 9223372036854775807
	log.flush.interval.ms = null
	log.flush.offset.checkpoint.interval.ms = 60000
	log.flush.scheduler.interval.ms = 9223372036854775807
	log.flush.start.offset.checkpoint.interval.ms = 60000
	log.index.interval.bytes = 4096
	log.index.size.max.bytes = 10485760
	log.message.format.version = 1.1-IV0
	log.message.timestamp.difference.max.ms = 9223372036854775807
	log.message.timestamp.type = CreateTime
	log.preallocate = false
	log.retention.bytes = -1
	log.retention.check.interval.ms = 300000
	log.retention.hours = 168
	log.retention.minutes = null
	log.retention.ms = null
	log.roll.hours = 168
	log.roll.jitter.hours = 0
	log.roll.jitter.ms = null
	log.roll.ms = null
	log.segment.bytes = 1073741824
	log.segment.delete.delay.ms = 60000
	max.connections.per.ip = 2147483647
	max.connections.per.ip.overrides = 
	max.incremental.fetch.session.cache.slots = 1000
	message.max.bytes = 1000012
	metric.reporters = []
	metrics.num.samples = 2
	metrics.recording.level = INFO
	metrics.sample.window.ms = 30000
	min.insync.replicas = 1
	num.io.threads = 8
	num.network.threads = 3
	num.partitions = 1
	num.recovery.threads.per.data.dir = 1
	num.replica.alter.log.dirs.threads = null
	num.replica.fetchers = 1
	offset.metadata.max.bytes = 4096
	offsets.commit.required.acks = -1
	offsets.commit.timeout.ms = 5000
	offsets.load.buffer.size = 5242880
	offsets.retention.check.interval.ms = 600000
	offsets.retention.minutes = 1440
	offsets.topic.compression.codec = 0
	offsets.topic.num.partitions = 50
	offsets.topic.replication.factor = 1
	offsets.topic.segment.bytes = 104857600
	password.encoder.cipher.algorithm = AES/CBC/PKCS5Padding
	password.encoder.iterations = 4096
	password.encoder.key.length = 128
	password.encoder.keyfactory.algorithm = null
	password.encoder.old.secret = null
	password.encoder.secret = null
	port = 9092
	principal.builder.class = null
	producer.purgatory.purge.interval.requests = 1000
	queued.max.request.bytes = -1
	queued.max.requests = 500
	quota.consumer.default = 9223372036854775807
	quota.producer.default = 9223372036854775807
	quota.window.num = 11
	quota.window.size.seconds = 1
	replica.fetch.backoff.ms = 1000
	replica.fetch.max.bytes = 1048576
	replica.fetch.min.bytes = 1
	replica.fetch.response.max.bytes = 10485760
	replica.fetch.wait.max.ms = 500
	replica.high.watermark.checkpoint.interval.ms = 5000
	replica.lag.time.max.ms = 10000
	replica.socket.receive.buffer.bytes = 65536
	replica.socket.timeout.ms = 30000
	replication.quota.window.num = 11
	replication.quota.window.size.seconds = 1
	request.timeout.ms = 30000
	reserved.broker.max.id = 1000
	sasl.enabled.mechanisms = [GSSAPI]
	sasl.jaas.config = null
	sasl.kerberos.kinit.cmd = /usr/bin/kinit
	sasl.kerberos.min.time.before.relogin = 60000
	sasl.kerberos.principal.to.local.rules = [DEFAULT]
	sasl.kerberos.service.name = null
	sasl.kerberos.ticket.renew.jitter = 0.05
	sasl.kerberos.ticket.renew.window.factor = 0.8
	sasl.mechanism.inter.broker.protocol = GSSAPI
	security.inter.broker.protocol = PLAINTEXT
	socket.receive.buffer.bytes = 102400
	socket.request.max.bytes = 104857600
	socket.send.buffer.bytes = 102400
	ssl.cipher.suites = []
	ssl.client.auth = none
	ssl.enabled.protocols = [TLSv1.2, TLSv1.1, TLSv1]
	ssl.endpoint.identification.algorithm = null
	ssl.key.password = null
	ssl.keymanager.algorithm = SunX509
	ssl.keystore.location = null
	ssl.keystore.password = null
	ssl.keystore.type = JKS
	ssl.protocol = TLS
	ssl.provider = null
	ssl.secure.random.implementation = null
	ssl.trustmanager.algorithm = PKIX
	ssl.truststore.location = null
	ssl.truststore.password = null
	ssl.truststore.type = JKS
	transaction.abort.timed.out.transaction.cleanup.interval.ms = 60000
	transaction.max.timeout.ms = 900000
	transaction.remove.expired.transaction.cleanup.interval.ms = 3600000
	transaction.state.log.load.buffer.size = 5242880
	transaction.state.log.min.isr = 1
	transaction.state.log.num.partitions = 50
	transaction.state.log.replication.factor = 1
	transaction.state.log.segment.bytes = 104857600
	transactional.id.expiration.ms = 604800000
	unclean.leader.election.enable = false
	zookeeper.connect = localhost:2181
	zookeeper.connection.timeout.ms = 6000
	zookeeper.max.in.flight.requests = 10
	zookeeper.session.timeout.ms = 6000
	zookeeper.set.acl = false
	zookeeper.sync.time.ms = 2000
 (kafka.server.KafkaConfig)
[2019-12-02 20:21:46,517] INFO KafkaConfig values: 
	advertised.host.name = null
	advertised.listeners = null
	advertised.port = null
	alter.config.policy.class.name = null
	alter.log.dirs.replication.quota.window.num = 11
	alter.log.dirs.replication.quota.window.size.seconds = 1
	authorizer.class.name = 
	auto.create.topics.enable = true
	auto.leader.rebalance.enable = true
	background.threads = 10
	broker.id = 0
	broker.id.generation.enable = true
	broker.rack = null
	compression.type = producer
	connections.max.idle.ms = 600000
	controlled.shutdown.enable = true
	controlled.shutdown.max.retries = 3
	controlled.shutdown.retry.backoff.ms = 5000
	controller.socket.timeout.ms = 30000
	create.topic.policy.class.name = null
	default.replication.factor = 1
	delegation.token.expiry.check.interval.ms = 3600000
	delegation.token.expiry.time.ms = 86400000
	delegation.token.master.key = null
	delegation.token.max.lifetime.ms = 604800000
	delete.records.purgatory.purge.interval.requests = 1
	delete.topic.enable = true
	fetch.purgatory.purge.interval.requests = 1000
	group.initial.rebalance.delay.ms = 0
	group.max.session.timeout.ms = 300000
	group.min.session.timeout.ms = 6000
	host.name = 
	inter.broker.listener.name = null
	inter.broker.protocol.version = 1.1-IV0
	leader.imbalance.check.interval.seconds = 300
	leader.imbalance.per.broker.percentage = 10
	listener.security.protocol.map = PLAINTEXT:PLAINTEXT,SSL:SSL,SASL_PLAINTEXT:SASL_PLAINTEXT,SASL_SSL:SASL_SSL
	listeners = null
	log.cleaner.backoff.ms = 15000
	log.cleaner.dedupe.buffer.size = 134217728
	log.cleaner.delete.retention.ms = 86400000
	log.cleaner.enable = true
	log.cleaner.io.buffer.load.factor = 0.9
	log.cleaner.io.buffer.size = 524288
	log.cleaner.io.max.bytes.per.second = 1.7976931348623157E308
	log.cleaner.min.cleanable.ratio = 0.5
	log.cleaner.min.compaction.lag.ms = 0
	log.cleaner.threads = 1
	log.cleanup.policy = [delete]
	log.dir = /tmp/kafka-logs
	log.dirs = F:Kafkakafka_2.11-1.1.0kafka-logs
	log.flush.interval.messages = 9223372036854775807
	log.flush.interval.ms = null
	log.flush.offset.checkpoint.interval.ms = 60000
	log.flush.scheduler.interval.ms = 9223372036854775807
	log.flush.start.offset.checkpoint.interval.ms = 60000
	log.index.interval.bytes = 4096
	log.index.size.max.bytes = 10485760
	log.message.format.version = 1.1-IV0
	log.message.timestamp.difference.max.ms = 9223372036854775807
	log.message.timestamp.type = CreateTime
	log.preallocate = false
	log.retention.bytes = -1
	log.retention.check.interval.ms = 300000
	log.retention.hours = 168
	log.retention.minutes = null
	log.retention.ms = null
	log.roll.hours = 168
	log.roll.jitter.hours = 0
	log.roll.jitter.ms = null
	log.roll.ms = null
	log.segment.bytes = 1073741824
	log.segment.delete.delay.ms = 60000
	max.connections.per.ip = 2147483647
	max.connections.per.ip.overrides = 
	max.incremental.fetch.session.cache.slots = 1000
	message.max.bytes = 1000012
	metric.reporters = []
	metrics.num.samples = 2
	metrics.recording.level = INFO
	metrics.sample.window.ms = 30000
	min.insync.replicas = 1
	num.io.threads = 8
	num.network.threads = 3
	num.partitions = 1
	num.recovery.threads.per.data.dir = 1
	num.replica.alter.log.dirs.threads = null
	num.replica.fetchers = 1
	offset.metadata.max.bytes = 4096
	offsets.commit.required.acks = -1
	offsets.commit.timeout.ms = 5000
	offsets.load.buffer.size = 5242880
	offsets.retention.check.interval.ms = 600000
	offsets.retention.minutes = 1440
	offsets.topic.compression.codec = 0
	offsets.topic.num.partitions = 50
	offsets.topic.replication.factor = 1
	offsets.topic.segment.bytes = 104857600
	password.encoder.cipher.algorithm = AES/CBC/PKCS5Padding
	password.encoder.iterations = 4096
	password.encoder.key.length = 128
	password.encoder.keyfactory.algorithm = null
	password.encoder.old.secret = null
	password.encoder.secret = null
	port = 9092
	principal.builder.class = null
	producer.purgatory.purge.interval.requests = 1000
	queued.max.request.bytes = -1
	queued.max.requests = 500
	quota.consumer.default = 9223372036854775807
	quota.producer.default = 9223372036854775807
	quota.window.num = 11
	quota.window.size.seconds = 1
	replica.fetch.backoff.ms = 1000
	replica.fetch.max.bytes = 1048576
	replica.fetch.min.bytes = 1
	replica.fetch.response.max.bytes = 10485760
	replica.fetch.wait.max.ms = 500
	replica.high.watermark.checkpoint.interval.ms = 5000
	replica.lag.time.max.ms = 10000
	replica.socket.receive.buffer.bytes = 65536
	replica.socket.timeout.ms = 30000
	replication.quota.window.num = 11
	replication.quota.window.size.seconds = 1
	request.timeout.ms = 30000
	reserved.broker.max.id = 1000
	sasl.enabled.mechanisms = [GSSAPI]
	sasl.jaas.config = null
	sasl.kerberos.kinit.cmd = /usr/bin/kinit
	sasl.kerberos.min.time.before.relogin = 60000
	sasl.kerberos.principal.to.local.rules = [DEFAULT]
	sasl.kerberos.service.name = null
	sasl.kerberos.ticket.renew.jitter = 0.05
	sasl.kerberos.ticket.renew.window.factor = 0.8
	sasl.mechanism.inter.broker.protocol = GSSAPI
	security.inter.broker.protocol = PLAINTEXT
	socket.receive.buffer.bytes = 102400
	socket.request.max.bytes = 104857600
	socket.send.buffer.bytes = 102400
	ssl.cipher.suites = []
	ssl.client.auth = none
	ssl.enabled.protocols = [TLSv1.2, TLSv1.1, TLSv1]
	ssl.endpoint.identification.algorithm = null
	ssl.key.password = null
	ssl.keymanager.algorithm = SunX509
	ssl.keystore.location = null
	ssl.keystore.password = null
	ssl.keystore.type = JKS
	ssl.protocol = TLS
	ssl.provider = null
	ssl.secure.random.implementation = null
	ssl.trustmanager.algorithm = PKIX
	ssl.truststore.location = null
	ssl.truststore.password = null
	ssl.truststore.type = JKS
	transaction.abort.timed.out.transaction.cleanup.interval.ms = 60000
	transaction.max.timeout.ms = 900000
	transaction.remove.expired.transaction.cleanup.interval.ms = 3600000
	transaction.state.log.load.buffer.size = 5242880
	transaction.state.log.min.isr = 1
	transaction.state.log.num.partitions = 50
	transaction.state.log.replication.factor = 1
	transaction.state.log.segment.bytes = 104857600
	transactional.id.expiration.ms = 604800000
	unclean.leader.election.enable = false
	zookeeper.connect = localhost:2181
	zookeeper.connection.timeout.ms = 6000
	zookeeper.max.in.flight.requests = 10
	zookeeper.session.timeout.ms = 6000
	zookeeper.set.acl = false
	zookeeper.sync.time.ms = 2000
 (kafka.server.KafkaConfig)
[2019-12-02 20:21:46,548] INFO [ThrottledRequestReaper-Fetch]: Starting (kafka.server.ClientQuotaManager$ThrottledRequestReaper)
[2019-12-02 20:21:46,549] INFO [ThrottledRequestReaper-Produce]: Starting (kafka.server.ClientQuotaManager$ThrottledRequestReaper)
[2019-12-02 20:21:46,550] INFO [ThrottledRequestReaper-Request]: Starting (kafka.server.ClientQuotaManager$ThrottledRequestReaper)
[2019-12-02 20:21:46,576] INFO Log directory '/Users/sruthiduvvuri/Documents/GitHub/CMPE-273-Twitter-Application-Simulation/kafka_2.11-1.1.0/F:Kafkakafka_2.11-1.1.0kafka-logs' not found, creating it. (kafka.log.LogManager)
[2019-12-02 20:21:46,589] INFO Loading logs. (kafka.log.LogManager)
[2019-12-02 20:21:46,594] INFO Logs loading complete in 5 ms. (kafka.log.LogManager)
[2019-12-02 20:21:46,601] INFO Starting log cleanup with a period of 300000 ms. (kafka.log.LogManager)
[2019-12-02 20:21:46,604] INFO Starting log flusher with a default period of 9223372036854775807 ms. (kafka.log.LogManager)
[2019-12-02 20:21:46,969] INFO Awaiting socket connections on 0.0.0.0:9092. (kafka.network.Acceptor)
[2019-12-02 20:21:47,004] INFO [SocketServer brokerId=0] Started 1 acceptor threads (kafka.network.SocketServer)
[2019-12-02 20:21:47,028] INFO [ExpirationReaper-0-Produce]: Starting (kafka.server.DelayedOperationPurgatory$ExpiredOperationReaper)
[2019-12-02 20:21:47,028] INFO [ExpirationReaper-0-Fetch]: Starting (kafka.server.DelayedOperationPurgatory$ExpiredOperationReaper)
[2019-12-02 20:21:47,029] INFO [ExpirationReaper-0-DeleteRecords]: Starting (kafka.server.DelayedOperationPurgatory$ExpiredOperationReaper)
[2019-12-02 20:21:47,042] INFO [LogDirFailureHandler]: Starting (kafka.server.ReplicaManager$LogDirFailureHandler)
[2019-12-02 20:21:52,089] INFO Creating /brokers/ids/0 (is it secure? false) (kafka.zk.KafkaZkClient)
[2019-12-02 20:21:52,098] INFO Result of znode creation at /brokers/ids/0 is: OK (kafka.zk.KafkaZkClient)
[2019-12-02 20:21:52,100] INFO Registered broker 0 at path /brokers/ids/0 with addresses: ArrayBuffer(EndPoint(10.250.210.108,9092,ListenerName(PLAINTEXT),PLAINTEXT)) (kafka.zk.KafkaZkClient)
[2019-12-02 20:21:52,101] WARN No meta.properties file under dir /Users/sruthiduvvuri/Documents/GitHub/CMPE-273-Twitter-Application-Simulation/kafka_2.11-1.1.0/F:Kafkakafka_2.11-1.1.0kafka-logs/meta.properties (kafka.server.BrokerMetadataCheckpoint)
[2019-12-02 20:21:52,165] INFO [ExpirationReaper-0-topic]: Starting (kafka.server.DelayedOperationPurgatory$ExpiredOperationReaper)
[2019-12-02 20:21:52,167] INFO Creating /controller (is it secure? false) (kafka.zk.KafkaZkClient)
[2019-12-02 20:21:52,170] INFO [ExpirationReaper-0-Heartbeat]: Starting (kafka.server.DelayedOperationPurgatory$ExpiredOperationReaper)
[2019-12-02 20:21:52,173] INFO [ExpirationReaper-0-Rebalance]: Starting (kafka.server.DelayedOperationPurgatory$ExpiredOperationReaper)
[2019-12-02 20:21:52,173] INFO Result of znode creation at /controller is: OK (kafka.zk.KafkaZkClient)
[2019-12-02 20:21:52,199] INFO [GroupCoordinator 0]: Starting up. (kafka.coordinator.group.GroupCoordinator)
[2019-12-02 20:21:52,202] INFO [GroupMetadataManager brokerId=0] Removed 0 expired offsets in 1 milliseconds. (kafka.coordinator.group.GroupMetadataManager)
[2019-12-02 20:21:52,203] INFO [GroupCoordinator 0]: Startup complete. (kafka.coordinator.group.GroupCoordinator)
[2019-12-02 20:21:52,224] INFO [ProducerId Manager 0]: Acquired new producerId block (brokerId:0,blockStartProducerId:3000,blockEndProducerId:3999) by writing to Zk with path version 4 (kafka.coordinator.transaction.ProducerIdManager)
[2019-12-02 20:21:52,271] INFO [TransactionCoordinator id=0] Starting up. (kafka.coordinator.transaction.TransactionCoordinator)
[2019-12-02 20:21:52,273] INFO [Transaction Marker Channel Manager 0]: Starting (kafka.coordinator.transaction.TransactionMarkerChannelManager)
[2019-12-02 20:21:52,280] INFO [TransactionCoordinator id=0] Startup complete. (kafka.coordinator.transaction.TransactionCoordinator)
[2019-12-02 20:21:52,319] INFO [/config/changes-event-process-thread]: Starting (kafka.common.ZkNodeChangeNotificationListener$ChangeEventProcessThread)
[2019-12-02 20:21:52,327] INFO [ReplicaFetcherManager on broker 0] Removed fetcher for partitions users-0,response_topic-0,tweets-0 (kafka.server.ReplicaFetcherManager)
[2019-12-02 20:21:52,341] INFO Kafka version : 1.1.0 (org.apache.kafka.common.utils.AppInfoParser)
[2019-12-02 20:21:52,341] INFO Kafka commitId : fdcf75ea326b8e07 (org.apache.kafka.common.utils.AppInfoParser)
[2019-12-02 20:21:52,342] INFO [KafkaServer id=0] started (kafka.server.KafkaServer)
[2019-12-02 20:21:52,396] INFO [Log partition=users-0, dir=/Users/sruthiduvvuri/Documents/GitHub/CMPE-273-Twitter-Application-Simulation/kafka_2.11-1.1.0/F:Kafkakafka_2.11-1.1.0kafka-logs] Loading producer state from offset 0 with message format version 2 (kafka.log.Log)
[2019-12-02 20:21:52,404] INFO [Log partition=users-0, dir=/Users/sruthiduvvuri/Documents/GitHub/CMPE-273-Twitter-Application-Simulation/kafka_2.11-1.1.0/F:Kafkakafka_2.11-1.1.0kafka-logs] Completed load of log with 1 segments, log start offset 0 and log end offset 0 in 58 ms (kafka.log.Log)
[2019-12-02 20:21:52,407] INFO Created log for partition users-0 in /Users/sruthiduvvuri/Documents/GitHub/CMPE-273-Twitter-Application-Simulation/kafka_2.11-1.1.0/F:Kafkakafka_2.11-1.1.0kafka-logs with properties {compression.type -> producer, message.format.version -> 1.1-IV0, file.delete.delay.ms -> 60000, max.message.bytes -> 1000012, min.compaction.lag.ms -> 0, message.timestamp.type -> CreateTime, min.insync.replicas -> 1, segment.jitter.ms -> 0, preallocate -> false, min.cleanable.dirty.ratio -> 0.5, index.interval.bytes -> 4096, unclean.leader.election.enable -> false, retention.bytes -> -1, delete.retention.ms -> 86400000, cleanup.policy -> [delete], flush.ms -> 9223372036854775807, segment.ms -> 604800000, segment.bytes -> 1073741824, retention.ms -> 604800000, message.timestamp.difference.max.ms -> 9223372036854775807, segment.index.bytes -> 10485760, flush.messages -> 9223372036854775807}. (kafka.log.LogManager)
[2019-12-02 20:21:52,407] INFO [Partition users-0 broker=0] No checkpointed highwatermark is found for partition users-0 (kafka.cluster.Partition)
[2019-12-02 20:21:52,409] INFO Replica loaded for partition users-0 with initial high watermark 0 (kafka.cluster.Replica)
[2019-12-02 20:21:52,410] INFO [Partition users-0 broker=0] users-0 starts at Leader Epoch 0 from offset 0. Previous Leader Epoch was: -1 (kafka.cluster.Partition)
[2019-12-02 20:21:52,422] INFO [Log partition=response_topic-0, dir=/Users/sruthiduvvuri/Documents/GitHub/CMPE-273-Twitter-Application-Simulation/kafka_2.11-1.1.0/F:Kafkakafka_2.11-1.1.0kafka-logs] Loading producer state from offset 0 with message format version 2 (kafka.log.Log)
[2019-12-02 20:21:52,423] INFO [Log partition=response_topic-0, dir=/Users/sruthiduvvuri/Documents/GitHub/CMPE-273-Twitter-Application-Simulation/kafka_2.11-1.1.0/F:Kafkakafka_2.11-1.1.0kafka-logs] Completed load of log with 1 segments, log start offset 0 and log end offset 0 in 3 ms (kafka.log.Log)
[2019-12-02 20:21:52,424] INFO Created log for partition response_topic-0 in /Users/sruthiduvvuri/Documents/GitHub/CMPE-273-Twitter-Application-Simulation/kafka_2.11-1.1.0/F:Kafkakafka_2.11-1.1.0kafka-logs with properties {compression.type -> producer, message.format.version -> 1.1-IV0, file.delete.delay.ms -> 60000, max.message.bytes -> 1000012, min.compaction.lag.ms -> 0, message.timestamp.type -> CreateTime, min.insync.replicas -> 1, segment.jitter.ms -> 0, preallocate -> false, min.cleanable.dirty.ratio -> 0.5, index.interval.bytes -> 4096, unclean.leader.election.enable -> false, retention.bytes -> -1, delete.retention.ms -> 86400000, cleanup.policy -> [delete], flush.ms -> 9223372036854775807, segment.ms -> 604800000, segment.bytes -> 1073741824, retention.ms -> 604800000, message.timestamp.difference.max.ms -> 9223372036854775807, segment.index.bytes -> 10485760, flush.messages -> 9223372036854775807}. (kafka.log.LogManager)
[2019-12-02 20:21:52,424] INFO [Partition response_topic-0 broker=0] No checkpointed highwatermark is found for partition response_topic-0 (kafka.cluster.Partition)
[2019-12-02 20:21:52,424] INFO Replica loaded for partition response_topic-0 with initial high watermark 0 (kafka.cluster.Replica)
[2019-12-02 20:21:52,424] INFO [Partition response_topic-0 broker=0] response_topic-0 starts at Leader Epoch 0 from offset 0. Previous Leader Epoch was: -1 (kafka.cluster.Partition)
[2019-12-02 20:21:52,428] INFO [Log partition=tweets-0, dir=/Users/sruthiduvvuri/Documents/GitHub/CMPE-273-Twitter-Application-Simulation/kafka_2.11-1.1.0/F:Kafkakafka_2.11-1.1.0kafka-logs] Loading producer state from offset 0 with message format version 2 (kafka.log.Log)
[2019-12-02 20:21:52,429] INFO [Log partition=tweets-0, dir=/Users/sruthiduvvuri/Documents/GitHub/CMPE-273-Twitter-Application-Simulation/kafka_2.11-1.1.0/F:Kafkakafka_2.11-1.1.0kafka-logs] Completed load of log with 1 segments, log start offset 0 and log end offset 0 in 3 ms (kafka.log.Log)
[2019-12-02 20:21:52,430] INFO Created log for partition tweets-0 in /Users/sruthiduvvuri/Documents/GitHub/CMPE-273-Twitter-Application-Simulation/kafka_2.11-1.1.0/F:Kafkakafka_2.11-1.1.0kafka-logs with properties {compression.type -> producer, message.format.version -> 1.1-IV0, file.delete.delay.ms -> 60000, max.message.bytes -> 1000012, min.compaction.lag.ms -> 0, message.timestamp.type -> CreateTime, min.insync.replicas -> 1, segment.jitter.ms -> 0, preallocate -> false, min.cleanable.dirty.ratio -> 0.5, index.interval.bytes -> 4096, unclean.leader.election.enable -> false, retention.bytes -> -1, delete.retention.ms -> 86400000, cleanup.policy -> [delete], flush.ms -> 9223372036854775807, segment.ms -> 604800000, segment.bytes -> 1073741824, retention.ms -> 604800000, message.timestamp.difference.max.ms -> 9223372036854775807, segment.index.bytes -> 10485760, flush.messages -> 9223372036854775807}. (kafka.log.LogManager)
[2019-12-02 20:21:52,430] INFO [Partition tweets-0 broker=0] No checkpointed highwatermark is found for partition tweets-0 (kafka.cluster.Partition)
[2019-12-02 20:21:52,430] INFO Replica loaded for partition tweets-0 with initial high watermark 0 (kafka.cluster.Replica)
[2019-12-02 20:21:52,430] INFO [Partition tweets-0 broker=0] tweets-0 starts at Leader Epoch 0 from offset 0. Previous Leader Epoch was: -1 (kafka.cluster.Partition)
[2019-12-02 20:21:52,436] INFO [ReplicaAlterLogDirsManager on broker 0] Added fetcher for partitions List() (kafka.server.ReplicaAlterLogDirsManager)
[2019-12-02 20:22:10,831] INFO Updated PartitionLeaderEpoch. New: {epoch:0, offset:0}, Current: {epoch:-1, offset:-1} for Partition: users-0. Cache now contains 0 entries. (kafka.server.epoch.LeaderEpochFileCache)
