[2019-12-02 20:21:52,252] TRACE [Controller id=0 epoch=5] Sending UpdateMetadata request PartitionState(controllerEpoch=2, leader=0, leaderEpoch=0, isr=[0], zkVersion=0, replicas=[0], offlineReplicas=[]) to brokers Set(0) for partition users-0 (state.change.logger)
[2019-12-02 20:21:52,253] TRACE [Controller id=0 epoch=5] Sending UpdateMetadata request PartitionState(controllerEpoch=4, leader=0, leaderEpoch=0, isr=[0], zkVersion=0, replicas=[0], offlineReplicas=[]) to brokers Set(0) for partition tweets-0 (state.change.logger)
[2019-12-02 20:21:52,253] TRACE [Controller id=0 epoch=5] Sending UpdateMetadata request PartitionState(controllerEpoch=2, leader=0, leaderEpoch=0, isr=[0], zkVersion=0, replicas=[0], offlineReplicas=[]) to brokers Set(0) for partition response_topic-0 (state.change.logger)
[2019-12-02 20:21:52,292] TRACE [Controller id=0 epoch=5] Changed state of replica 0 for partition users-0 from OnlineReplica to OnlineReplica (state.change.logger)
[2019-12-02 20:21:52,293] TRACE [Controller id=0 epoch=5] Changed state of replica 0 for partition tweets-0 from OnlineReplica to OnlineReplica (state.change.logger)
[2019-12-02 20:21:52,293] TRACE [Controller id=0 epoch=5] Changed state of replica 0 for partition response_topic-0 from OnlineReplica to OnlineReplica (state.change.logger)
[2019-12-02 20:21:52,293] TRACE [Controller id=0 epoch=5] Sending become-leader LeaderAndIsr request PartitionState(controllerEpoch=2, leader=0, leaderEpoch=0, isr=0, zkVersion=0, replicas=0, isNew=false) to broker 0 for partition users-0 (state.change.logger)
[2019-12-02 20:21:52,294] TRACE [Controller id=0 epoch=5] Sending become-leader LeaderAndIsr request PartitionState(controllerEpoch=2, leader=0, leaderEpoch=0, isr=0, zkVersion=0, replicas=0, isNew=false) to broker 0 for partition response_topic-0 (state.change.logger)
[2019-12-02 20:21:52,294] TRACE [Controller id=0 epoch=5] Sending become-leader LeaderAndIsr request PartitionState(controllerEpoch=4, leader=0, leaderEpoch=0, isr=0, zkVersion=0, replicas=0, isNew=false) to broker 0 for partition tweets-0 (state.change.logger)
[2019-12-02 20:21:52,295] TRACE [Controller id=0 epoch=5] Sending UpdateMetadata request PartitionState(controllerEpoch=2, leader=0, leaderEpoch=0, isr=[0], zkVersion=0, replicas=[0], offlineReplicas=[]) to brokers Set(0) for partition users-0 (state.change.logger)
[2019-12-02 20:21:52,295] TRACE [Controller id=0 epoch=5] Sending UpdateMetadata request PartitionState(controllerEpoch=2, leader=0, leaderEpoch=0, isr=[0], zkVersion=0, replicas=[0], offlineReplicas=[]) to brokers Set(0) for partition response_topic-0 (state.change.logger)
[2019-12-02 20:21:52,295] TRACE [Controller id=0 epoch=5] Sending UpdateMetadata request PartitionState(controllerEpoch=4, leader=0, leaderEpoch=0, isr=[0], zkVersion=0, replicas=[0], offlineReplicas=[]) to brokers Set(0) for partition tweets-0 (state.change.logger)
[2019-12-02 20:21:52,305] TRACE [Broker id=0] Cached leader info PartitionState(controllerEpoch=2, leader=0, leaderEpoch=0, isr=[0], zkVersion=0, replicas=[0], offlineReplicas=[]) for partition response_topic-0 in response to UpdateMetadata request sent by controller 0 epoch 5 with correlation id 0 (state.change.logger)
[2019-12-02 20:21:52,306] TRACE [Broker id=0] Cached leader info PartitionState(controllerEpoch=4, leader=0, leaderEpoch=0, isr=[0], zkVersion=0, replicas=[0], offlineReplicas=[]) for partition tweets-0 in response to UpdateMetadata request sent by controller 0 epoch 5 with correlation id 0 (state.change.logger)
[2019-12-02 20:21:52,306] TRACE [Broker id=0] Cached leader info PartitionState(controllerEpoch=2, leader=0, leaderEpoch=0, isr=[0], zkVersion=0, replicas=[0], offlineReplicas=[]) for partition users-0 in response to UpdateMetadata request sent by controller 0 epoch 5 with correlation id 0 (state.change.logger)
[2019-12-02 20:21:52,313] TRACE [Controller id=0 epoch=5] Received response {error_code=0} for request UPDATE_METADATA with correlation id 0 sent to broker 10.250.210.108:9092 (id: 0 rack: null) (state.change.logger)
[2019-12-02 20:21:52,319] TRACE [Broker id=0] Received LeaderAndIsr request PartitionState(controllerEpoch=2, leader=0, leaderEpoch=0, isr=0, zkVersion=0, replicas=0, isNew=false) correlation id 1 from controller 0 epoch 5 for partition response_topic-0 (state.change.logger)
[2019-12-02 20:21:52,319] TRACE [Broker id=0] Received LeaderAndIsr request PartitionState(controllerEpoch=4, leader=0, leaderEpoch=0, isr=0, zkVersion=0, replicas=0, isNew=false) correlation id 1 from controller 0 epoch 5 for partition tweets-0 (state.change.logger)
[2019-12-02 20:21:52,319] TRACE [Broker id=0] Received LeaderAndIsr request PartitionState(controllerEpoch=2, leader=0, leaderEpoch=0, isr=0, zkVersion=0, replicas=0, isNew=false) correlation id 1 from controller 0 epoch 5 for partition users-0 (state.change.logger)
[2019-12-02 20:21:52,326] TRACE [Broker id=0] Handling LeaderAndIsr request correlationId 1 from controller 0 epoch 5 starting the become-leader transition for partition users-0 (state.change.logger)
[2019-12-02 20:21:52,326] TRACE [Broker id=0] Handling LeaderAndIsr request correlationId 1 from controller 0 epoch 5 starting the become-leader transition for partition response_topic-0 (state.change.logger)
[2019-12-02 20:21:52,326] TRACE [Broker id=0] Handling LeaderAndIsr request correlationId 1 from controller 0 epoch 5 starting the become-leader transition for partition tweets-0 (state.change.logger)
[2019-12-02 20:21:52,418] TRACE [Broker id=0] Stopped fetchers as part of become-leader request from controller 0 epoch 5 with correlation id 1 for partition users-0 (last update controller epoch 2) (state.change.logger)
[2019-12-02 20:21:52,424] TRACE [Broker id=0] Stopped fetchers as part of become-leader request from controller 0 epoch 5 with correlation id 1 for partition response_topic-0 (last update controller epoch 2) (state.change.logger)
[2019-12-02 20:21:52,430] TRACE [Broker id=0] Stopped fetchers as part of become-leader request from controller 0 epoch 5 with correlation id 1 for partition tweets-0 (last update controller epoch 4) (state.change.logger)
[2019-12-02 20:21:52,431] TRACE [Broker id=0] Completed LeaderAndIsr request correlationId 1 from controller 0 epoch 5 for the become-leader transition for partition users-0 (state.change.logger)
[2019-12-02 20:21:52,431] TRACE [Broker id=0] Completed LeaderAndIsr request correlationId 1 from controller 0 epoch 5 for the become-leader transition for partition response_topic-0 (state.change.logger)
[2019-12-02 20:21:52,431] TRACE [Broker id=0] Completed LeaderAndIsr request correlationId 1 from controller 0 epoch 5 for the become-leader transition for partition tweets-0 (state.change.logger)
[2019-12-02 20:21:52,439] TRACE [Controller id=0 epoch=5] Received response {error_code=0,partitions=[{topic=response_topic,partition=0,error_code=0},{topic=tweets,partition=0,error_code=0},{topic=users,partition=0,error_code=0}]} for request LEADER_AND_ISR with correlation id 1 sent to broker 10.250.210.108:9092 (id: 0 rack: null) (state.change.logger)
[2019-12-02 20:21:52,441] TRACE [Broker id=0] Cached leader info PartitionState(controllerEpoch=2, leader=0, leaderEpoch=0, isr=[0], zkVersion=0, replicas=[0], offlineReplicas=[]) for partition response_topic-0 in response to UpdateMetadata request sent by controller 0 epoch 5 with correlation id 2 (state.change.logger)
[2019-12-02 20:21:52,441] TRACE [Broker id=0] Cached leader info PartitionState(controllerEpoch=4, leader=0, leaderEpoch=0, isr=[0], zkVersion=0, replicas=[0], offlineReplicas=[]) for partition tweets-0 in response to UpdateMetadata request sent by controller 0 epoch 5 with correlation id 2 (state.change.logger)
[2019-12-02 20:21:52,441] TRACE [Broker id=0] Cached leader info PartitionState(controllerEpoch=2, leader=0, leaderEpoch=0, isr=[0], zkVersion=0, replicas=[0], offlineReplicas=[]) for partition users-0 in response to UpdateMetadata request sent by controller 0 epoch 5 with correlation id 2 (state.change.logger)
[2019-12-02 20:21:52,442] TRACE [Controller id=0 epoch=5] Received response {error_code=0} for request UPDATE_METADATA with correlation id 2 sent to broker 10.250.210.108:9092 (id: 0 rack: null) (state.change.logger)
